<?xml version="1.0" encoding="UTF-8"?>
<testsuite name="models.PostTest" tests="2" skipped="0" failures="0" errors="0" timestamp="2022-07-17T18:53:14" hostname="seonghwan-ui-MacBookPro.local" time="0.023">
  <properties/>
  <testcase name="changeState()" classname="models.PostTest" time="0.021"/>
  <testcase name="creation()" classname="models.PostTest" time="0.001"/>
  <system-out><![CDATA[]]></system-out>
  <system-err><![CDATA[]]></system-err>
</testsuite>
